0 info it worked if it ends with ok
1 verbose cli [ '/Users/ronjansen/.nvm/versions/node/v4.0.0/bin/node',
1 verbose cli   '/Users/ronjansen/.nvm/current/bin/npm',
1 verbose cli   'run',
1 verbose cli   'serve' ]
2 info using npm@2.1.10
3 info using node@v4.0.0
4 verbose run-script [ 'preserve', 'serve', 'postserve' ]
5 info preserve docs@0.0.1
6 info serve docs@0.0.1
7 verbose unsafe-perm in lifecycle true
8 info docs@0.0.1 Failed to exec serve script
9 verbose stack Error: docs@0.0.1 serve: `gitbook serve ./`
9 verbose stack Exit status 1
9 verbose stack     at EventEmitter.<anonymous> (/Users/ronjansen/.nvm/v0.10.32/lib/node_modules/npm/lib/utils/lifecycle.js:212:16)
9 verbose stack     at emitTwo (events.js:87:13)
9 verbose stack     at EventEmitter.emit (events.js:172:7)
9 verbose stack     at ChildProcess.<anonymous> (/Users/ronjansen/.nvm/v0.10.32/lib/node_modules/npm/lib/utils/spawn.js:14:12)
9 verbose stack     at emitTwo (events.js:87:13)
9 verbose stack     at ChildProcess.emit (events.js:172:7)
9 verbose stack     at maybeClose (internal/child_process.js:817:16)
9 verbose stack     at Process.ChildProcess._handle.onexit (internal/child_process.js:211:5)
10 verbose pkgid docs@0.0.1
11 verbose cwd /Users/ronjansen/Dev/flipbase/docs
12 error Darwin 14.5.0
13 error argv "/Users/ronjansen/.nvm/versions/node/v4.0.0/bin/node" "/Users/ronjansen/.nvm/current/bin/npm" "run" "serve"
14 error node v4.0.0
15 error npm  v2.1.10
16 error code ELIFECYCLE
17 error docs@0.0.1 serve: `gitbook serve ./`
17 error Exit status 1
18 error Failed at the docs@0.0.1 serve script 'gitbook serve ./'.
18 error This is most likely a problem with the docs package,
18 error not with npm itself.
18 error Tell the author that this fails on your system:
18 error     gitbook serve ./
18 error You can get their info via:
18 error     npm owner ls docs
18 error There is likely additional logging output above.
19 verbose exit [ 1, true ]
